::1 - - [11/Dec/2023:03:29:56 +0000] "GET / HTTP/1.1" 200 14 "-" "Mozilla/5.0 (Macintosh; Intel Mac OS X 10_15_7) AppleWebKit/537.36 (KHTML, like Gecko) Chrome/119.0.0.0 Safari/537.36"
::1 - - [11/Dec/2023:03:29:56 +0000] "GET /favicon.ico HTTP/1.1" 404 150 "-" "Mozilla/5.0 (Macintosh; Intel Mac OS X 10_15_7) AppleWebKit/537.36 (KHTML, like Gecko) Chrome/119.0.0.0 Safari/537.36"
::1 - - [11/Dec/2023:04:39:53 +0000] "GET / HTTP/1.1" 304 - "-" "Mozilla/5.0 (Macintosh; Intel Mac OS X 10_15_7) AppleWebKit/537.36 (KHTML, like Gecko) Chrome/119.0.0.0 Safari/537.36"
::1 - - [11/Dec/2023:04:39:55 +0000] "GET / HTTP/1.1" 304 - "-" "Mozilla/5.0 (Macintosh; Intel Mac OS X 10_15_7) AppleWebKit/537.36 (KHTML, like Gecko) Chrome/119.0.0.0 Safari/537.36"
::1 - - [11/Dec/2023:05:33:41 +0000] "GET /api/v1/products HTTP/1.1" 200 - "-" "PostmanRuntime/7.35.0"
::1 - - [11/Dec/2023:05:34:57 +0000] "GET /api/v1/products HTTP/1.1" 200 51 "-" "PostmanRuntime/7.35.0"
::1 - - [11/Dec/2023:05:35:50 +0000] "GET /api/v1/products HTTP/1.1" 200 51 "-" "PostmanRuntime/7.35.0"
::1 - - [11/Dec/2023:05:37:39 +0000] "POST /api/v1/products HTTP/1.1" 201 382 "-" "PostmanRuntime/7.35.0"
::1 - - [11/Dec/2023:05:39:25 +0000] "GET /api/v1/products HTTP/1.1" 200 382 "-" "PostmanRuntime/7.35.0"
::1 - - [11/Dec/2023:05:51:09 +0000] "POST /api/v1/products HTTP/1.1" 201 598 "-" "PostmanRuntime/7.35.0"
::1 - - [11/Dec/2023:05:52:28 +0000] "POST /api/v1/products HTTP/1.1" 201 449 "-" "PostmanRuntime/7.35.0"
::1 - - [11/Dec/2023:05:53:05 +0000] "POST /api/v1/products HTTP/1.1" 201 377 "-" "PostmanRuntime/7.35.0"
::1 - - [11/Dec/2023:05:53:11 +0000] "GET /api/v1/products HTTP/1.1" 200 1656 "-" "PostmanRuntime/7.35.0"
::1 - - [14/Dec/2023:04:16:27 +0000] "GET /api/v1/users HTTP/1.1" 404 151 "-" "PostmanRuntime/7.35.0"
::1 - - [14/Dec/2023:04:18:54 +0000] "GET /api/v1/users HTTP/1.1" 200 - "-" "PostmanRuntime/7.35.0"
::1 - - [14/Dec/2023:04:21:09 +0000] "POST /api/v1/users HTTP/1.1" 201 182 "-" "PostmanRuntime/7.35.0"
::1 - - [14/Dec/2023:04:21:17 +0000] "GET /api/v1/users HTTP/1.1" 200 - "-" "PostmanRuntime/7.35.0"
::1 - - [14/Dec/2023:04:22:30 +0000] "GET /api/v1/users HTTP/1.1" 200 - "-" "PostmanRuntime/7.35.0"
::1 - - [14/Dec/2023:04:23:25 +0000] "GET /api/v1/users/ HTTP/1.1" 200 - "-" "PostmanRuntime/7.35.0"
::1 - - [14/Dec/2023:04:24:25 +0000] "GET /api/v1/users HTTP/1.1" 200 - "-" "PostmanRuntime/7.35.0"
::1 - - [14/Dec/2023:04:25:16 +0000] "GET /api/v1/users HTTP/1.1" 200 - "-" "PostmanRuntime/7.35.0"
::1 - - [14/Dec/2023:04:31:37 +0000] "GET /api/v1/users HTTP/1.1" 200 172 "-" "PostmanRuntime/7.35.0"
::1 - - [14/Dec/2023:04:32:21 +0000] "POST /api/v1/users HTTP/1.1" 201 182 "-" "PostmanRuntime/7.35.0"
::1 - - [14/Dec/2023:04:32:26 +0000] "GET /api/v1/users HTTP/1.1" 200 309 "-" "PostmanRuntime/7.35.0"
::1 - - [14/Dec/2023:04:44:12 +0000] "POST /api/v1/auth/register HTTP/1.1" 200 198 "-" "PostmanRuntime/7.35.0"
::1 - - [14/Dec/2023:05:20:18 +0000] "POST /api/v1/auth/register HTTP/1.1" 200 198 "-" "PostmanRuntime/7.35.0"
::1 - - [14/Dec/2023:05:37:14 +0000] "POST /api/v1/auth/login HTTP/1.1" 200 443 "-" "PostmanRuntime/7.35.0"
::1 - - [14/Dec/2023:05:40:26 +0000] "POST /api/v1/auth/login HTTP/1.1" 200 443 "-" "PostmanRuntime/7.35.0"
::1 - - [14/Dec/2023:05:40:51 +0000] "POST /api/v1/auth/login HTTP/1.1" 200 443 "-" "PostmanRuntime/7.35.0"
::1 - - [14/Dec/2023:05:41:32 +0000] "POST /api/v1/auth/login HTTP/1.1" 200 443 "-" "PostmanRuntime/7.35.0"
::1 - - [14/Dec/2023:05:43:10 +0000] "POST /api/v1/auth/login HTTP/1.1" 200 443 "-" "PostmanRuntime/7.35.0"
::1 - - [14/Dec/2023:05:45:14 +0000] "POST /api/v1/auth/login HTTP/1.1" 200 443 "-" "PostmanRuntime/7.35.0"
::1 - - [14/Dec/2023:05:46:45 +0000] "POST /api/v1/auth/login HTTP/1.1" 200 791 "-" "PostmanRuntime/7.35.0"
::1 - - [14/Dec/2023:05:47:43 +0000] "POST /api/v1/auth/login HTTP/1.1" 200 791 "-" "PostmanRuntime/7.35.0"
::1 - - [14/Dec/2023:05:48:28 +0000] "POST /api/v1/auth/login HTTP/1.1" 200 791 "-" "PostmanRuntime/7.35.0"
::1 - - [14/Dec/2023:05:51:02 +0000] "POST /api/v1/auth/login HTTP/1.1" 200 791 "-" "PostmanRuntime/7.35.0"
::1 - - [14/Dec/2023:05:51:33 +0000] "POST /api/v1/auth/login HTTP/1.1" 200 443 "-" "PostmanRuntime/7.35.0"
::1 - - [14/Dec/2023:05:53:30 +0000] "POST /api/v1/auth/login HTTP/1.1" 200 443 "-" "PostmanRuntime/7.35.0"
::1 - - [14/Dec/2023:05:54:34 +0000] "POST /api/v1/auth/login HTTP/1.1" 200 443 "-" "PostmanRuntime/7.35.0"
::1 - - [14/Dec/2023:05:55:30 +0000] "POST /api/v1/auth/login HTTP/1.1" 200 443 "-" "PostmanRuntime/7.35.0"
::1 - - [14/Dec/2023:05:55:55 +0000] "POST /api/v1/auth/login HTTP/1.1" 200 443 "-" "PostmanRuntime/7.35.0"
::1 - - [14/Dec/2023:05:57:07 +0000] "POST /api/v1/auth/login HTTP/1.1" 200 443 "-" "PostmanRuntime/7.35.0"
::1 - - [14/Dec/2023:05:57:35 +0000] "POST /api/v1/auth/login HTTP/1.1" 200 443 "-" "PostmanRuntime/7.35.0"
::1 - - [14/Dec/2023:05:58:05 +0000] "POST /api/v1/auth/login HTTP/1.1" 200 443 "-" "PostmanRuntime/7.35.0"
::1 - - [17/Dec/2023:19:47:05 +0000] "POST /api/v1/auth/login HTTP/1.1" 200 443 "-" "PostmanRuntime/7.35.0"
::1 - - [17/Dec/2023:19:47:53 +0000] "PUT /api/v1/auth/login HTTP/1.1" 404 156 "-" "PostmanRuntime/7.35.0"
::1 - - [17/Dec/2023:19:48:39 +0000] "PUT /api/v1/auth/updatepassword HTTP/1.1" 401 63 "-" "PostmanRuntime/7.35.0"
::1 - - [17/Dec/2023:19:50:18 +0000] "PUT /api/v1/auth/updatepassword HTTP/1.1" 401 63 "-" "PostmanRuntime/7.35.0"
::1 - - [17/Dec/2023:19:51:50 +0000] "PUT /api/v1/auth/updatepassword HTTP/1.1" 500 89 "-" "PostmanRuntime/7.35.0"
::1 - - [17/Dec/2023:19:55:58 +0000] "PUT /api/v1/auth/updatepassword HTTP/1.1" 500 89 "-" "PostmanRuntime/7.35.0"
::1 - - [17/Dec/2023:19:56:33 +0000] "PUT /api/v1/auth/updatepassword HTTP/1.1" 401 63 "-" "PostmanRuntime/7.35.0"
::1 - - [17/Dec/2023:19:57:19 +0000] "PUT /api/v1/auth/updatepassword HTTP/1.1" 401 63 "-" "PostmanRuntime/7.35.0"
::1 - - [17/Dec/2023:19:59:38 +0000] "PUT /api/v1/auth/updatepassword HTTP/1.1" 500 64 "-" "PostmanRuntime/7.35.0"
::1 - - [17/Dec/2023:20:00:48 +0000] "PUT /api/v1/auth/updatepassword HTTP/1.1" 500 64 "-" "PostmanRuntime/7.35.0"
::1 - - [17/Dec/2023:20:01:50 +0000] "PUT /api/v1/auth/updatepassword HTTP/1.1" 500 64 "-" "PostmanRuntime/7.35.0"
::1 - - [17/Dec/2023:20:02:58 +0000] "PUT /api/v1/auth/updatepassword HTTP/1.1" 500 64 "-" "PostmanRuntime/7.35.0"
::1 - - [17/Dec/2023:20:04:19 +0000] "PUT /api/v1/auth/updatepassword HTTP/1.1" 200 443 "-" "PostmanRuntime/7.35.0"
::1 - - [17/Dec/2023:20:23:38 +0000] "PUT /api/v1/auth/updatepassword HTTP/1.1" 200 443 "-" "PostmanRuntime/7.35.0"
::1 - - [18/Dec/2023:02:09:50 +0000] "PUT /api/v1/auth/updatedetails HTTP/1.1" 200 188 "-" "PostmanRuntime/7.35.0"
::1 - - [18/Dec/2023:02:22:02 +0000] "PUT /api/v1/auth/updatedetails HTTP/1.1" 200 193 "-" "PostmanRuntime/7.35.0"
::1 - - [18/Dec/2023:02:27:28 +0000] "PUT /api/v1/auth/updatedetails HTTP/1.1" 200 194 "-" "PostmanRuntime/7.35.0"
::1 - - [18/Dec/2023:02:28:49 +0000] "PUT /api/v1/auth/updatedetails HTTP/1.1" 200 195 "-" "PostmanRuntime/7.35.0"
::1 - - [18/Dec/2023:02:37:09 +0000] "PUT /api/v1/auth/updatedetails HTTP/1.1" 200 198 "-" "PostmanRuntime/7.35.0"
::1 - - [18/Dec/2023:03:24:09 +0000] "PUT /api/v1/auth/updatedetails HTTP/1.1" 200 198 "-" "PostmanRuntime/7.35.0"
::1 - - [18/Dec/2023:03:27:36 +0000] "PUT /api/v1/auth/updatedetails HTTP/1.1" 200 198 "-" "PostmanRuntime/7.35.0"
::1 - - [18/Dec/2023:03:29:32 +0000] "PUT /api/v1/auth/updatedetails HTTP/1.1" 200 376 "-" "PostmanRuntime/7.35.0"
::1 - - [25/Dec/2023:06:02:52 +0000] "GET /api/v1/products/:id HTTP/1.1" 404 46 "-" "PostmanRuntime/7.35.0"
::1 - - [25/Dec/2023:06:03:07 +0000] "GET /api/v1/products/6576a02386501e54dceba319 HTTP/1.1" 200 379 "-" "PostmanRuntime/7.35.0"
